<?xml version="1.0" encoding="UTF-8"?>
<robot generator="Robot 3.2.2 (Python 3.8.3 on win32)" generated="20201216 08:52:09.431" rpa="false">
<suite id="s1" name="Selenium1" source="C:\Users\petri.ollikainen\eclipse-workspace\ropotti1\potti1\selenium1.robot">
<kw name="Log" library="BuiltIn" type="setup">
<doc>Logs the given message with the given level.</doc>
<arguments>
<arg>I am Inside Test Suite Setup</arg>
</arguments>
<msg timestamp="20201216 08:52:09.789" level="INFO">I am Inside Test Suite Setup</msg>
<status status="PASS" starttime="20201216 08:52:09.789" endtime="20201216 08:52:09.790"></status>
</kw>
<test id="s1-t1" name="MyFirstTest">
<kw name="Log" library="BuiltIn" type="setup">
<doc>Logs the given message with the given level.</doc>
<arguments>
<arg>I am inside Test Setup</arg>
</arguments>
<msg timestamp="20201216 08:52:09.790" level="INFO">I am inside Test Setup</msg>
<status status="PASS" starttime="20201216 08:52:09.790" endtime="20201216 08:52:09.790"></status>
</kw>
<kw name="Log" library="BuiltIn">
<doc>Logs the given message with the given level.</doc>
<arguments>
<arg>Hello World</arg>
</arguments>
<msg timestamp="20201216 08:52:09.791" level="INFO">Hello World</msg>
<status status="PASS" starttime="20201216 08:52:09.791" endtime="20201216 08:52:09.791"></status>
</kw>
<kw name="Log" library="BuiltIn" type="teardown">
<doc>Logs the given message with the given level.</doc>
<arguments>
<arg>I am inside Test teardown</arg>
</arguments>
<msg timestamp="20201216 08:52:09.792" level="INFO">I am inside Test teardown</msg>
<status status="PASS" starttime="20201216 08:52:09.791" endtime="20201216 08:52:09.792"></status>
</kw>
<tags>
<tag>sanity</tag>
</tags>
<status status="PASS" starttime="20201216 08:52:09.790" endtime="20201216 08:52:09.792" critical="yes"></status>
</test>
<test id="s1-t2" name="MySecondTest">
<kw name="Log" library="BuiltIn" type="setup">
<doc>Logs the given message with the given level.</doc>
<arguments>
<arg>I am inside Test Setup</arg>
</arguments>
<msg timestamp="20201216 08:52:09.793" level="INFO">I am inside Test Setup</msg>
<status status="PASS" starttime="20201216 08:52:09.793" endtime="20201216 08:52:09.793"></status>
</kw>
<kw name="Log" library="BuiltIn">
<doc>Logs the given message with the given level.</doc>
<arguments>
<arg>Hello Finland</arg>
</arguments>
<msg timestamp="20201216 08:52:09.794" level="INFO">Hello Finland</msg>
<status status="PASS" starttime="20201216 08:52:09.794" endtime="20201216 08:52:09.794"></status>
</kw>
<kw name="Log" library="BuiltIn" type="teardown">
<doc>Logs the given message with the given level.</doc>
<arguments>
<arg>I am inside Test teardown</arg>
</arguments>
<msg timestamp="20201216 08:52:09.794" level="INFO">I am inside Test teardown</msg>
<status status="PASS" starttime="20201216 08:52:09.794" endtime="20201216 08:52:09.794"></status>
</kw>
<tags>
<tag>sanity</tag>
</tags>
<status status="PASS" starttime="20201216 08:52:09.793" endtime="20201216 08:52:09.795" critical="yes"></status>
</test>
<test id="s1-t3" name="MyThirdTest">
<kw name="Log" library="BuiltIn" type="setup">
<doc>Logs the given message with the given level.</doc>
<arguments>
<arg>I am inside Test Setup</arg>
</arguments>
<msg timestamp="20201216 08:52:09.796" level="INFO">I am inside Test Setup</msg>
<status status="PASS" starttime="20201216 08:52:09.796" endtime="20201216 08:52:09.796"></status>
</kw>
<kw name="Log" library="BuiltIn">
<doc>Logs the given message with the given level.</doc>
<arguments>
<arg>Have A Nice Day. (:</arg>
</arguments>
<msg timestamp="20201216 08:52:09.797" level="INFO">Have A Nice Day. (:</msg>
<status status="PASS" starttime="20201216 08:52:09.796" endtime="20201216 08:52:09.797"></status>
</kw>
<kw name="Log" library="BuiltIn" type="teardown">
<doc>Logs the given message with the given level.</doc>
<arguments>
<arg>I am inside Test teardown</arg>
</arguments>
<msg timestamp="20201216 08:52:09.797" level="INFO">I am inside Test teardown</msg>
<status status="PASS" starttime="20201216 08:52:09.797" endtime="20201216 08:52:09.797"></status>
</kw>
<tags>
<tag>sanity</tag>
</tags>
<status status="PASS" starttime="20201216 08:52:09.795" endtime="20201216 08:52:09.797" critical="yes"></status>
</test>
<kw name="Log" library="BuiltIn" type="teardown">
<doc>Logs the given message with the given level.</doc>
<arguments>
<arg>I am inside Test Suite Teardown</arg>
</arguments>
<msg timestamp="20201216 08:52:09.799" level="INFO">I am inside Test Suite Teardown</msg>
<status status="PASS" starttime="20201216 08:52:09.799" endtime="20201216 08:52:09.799"></status>
</kw>
<status status="PASS" starttime="20201216 08:52:09.433" endtime="20201216 08:52:09.799"></status>
</suite>
<statistics>
<total>
<stat pass="3" fail="0">Critical Tests</stat>
<stat pass="3" fail="0">All Tests</stat>
</total>
<tag>
<stat pass="3" fail="0">sanity</stat>
</tag>
<suite>
<stat pass="3" fail="0" id="s1" name="Selenium1">Selenium1</stat>
</suite>
</statistics>
<errors>
</errors>
</robot>
